#TASK_HYBRID_GOTO 47.3978800 8.5455920 10 50
#TASK_SIMPLE_HOVER 5 10
#TASK_HYBRID_GOTO 47.3976900 8.5455920 10 20
#TASK_SIMPLE_HOVER 5 10
#TASK_HYBRID_GOTO 47.3976900 8.5456020 10 20
#TASK_SIMPLE_HOVER 5 10
#
TASK_LOCAL_GOTO 0 0 5 40
TASK_SIMPLE_HOVER 15 30
#
TASK_LOCAL_GOTO 15 0 5 40
TASK_SIMPLE_HOVER 15 30
#
TASK_LOCAL_GOTO 15 15 5 40
TASK_SIMPLE_HOVER 15 30
#
TASK_LOCAL_GOTO 0 15 5 40
TASK_SIMPLE_HOVER 15 30
#
TASK_LOCAL_GOTO 0 0 5 40
TASK_SIMPLE_HOVER 15 30
#
TASK_LOCAL_GOTO 0 0 15 40
TASK_SIMPLE_HOVER 15 30
#
#TASK_GLOBAL_GOTO 47.3978800 8.5455920 550.000 20
#TASK_SIMPLE_HOVER 5 10
#TASK_GLOBAL_GOTO 47.3976900 8.5455920 10 20
#TASK_GLOBAL_GOTO 47.3976900 8.5456020 10 20S
